1585294247976:help
1585294255276:temp
1585538550626:get
1585538555847:help
1585538562115:temp
1585538682774:help
1585538696518:get Krasnodar
1585538701866:get
1585538711674:temp Krasnodar
1585539295696:temp Angarsk
1585540307984:temp Ангарск
1585540322141:temp Красноярск
1585540355699:temp Москва
1585540366202:temp Krasnoyarsk
1585540376405:temp Angarsk
1585540629339:temp London
1585540659641:temp london
1585540721889:temp ангарск
1585541560830:temp Moscwa
1585541580519:temp Angarsk
1585729819912:help
1585729839908:save
1585729935312:temp Angarsk
1585729940017:save
1585730052854:show-weather
1585730837677:temp Moscwa
1585730855041:temp Krasnoyarsk
1585730862669:save
1585730926103:temp Krasnoyrsk
1585730939993:temp Moscow
1585730944675:save
1585730974260:show-weather
1585732157133:temp Krasnoyarsk
1585798520462:temp Angarsk
1585798525834:save
1585798551416:temp Kiev
1585798560551:save
1585798571890:temp Madrid
1585798593115:save
1585798635684:show-weather
1585799416860:temp Angarsk
1585799419768:save
1585799840940:temp Angarsk
1585799844431:save
1585799853274:show-weather
